<?xml version="1.0" encoding="UTF-8"?>
<!-- Generated by org.testng.reporters.JUnitReportReporter -->
<testsuite skipped="0" hostname="JAIPRASHANTH" name="SeleniumRevised.WindowHandles" tests="1" failures="0" timestamp="2020-07-08T13:31:24 IST" time="112.280" errors="0">
  <testcase name="window" time="112.280" classname="SeleniumRevised.WindowHandles"/>
  <system-out/>
</testsuite> <!-- SeleniumRevised.WindowHandles -->
