<?xml version="1.0" encoding="UTF-8"?>
<!-- Generated by org.testng.reporters.JUnitReportReporter -->
<testsuite skipped="0" hostname="JAIPRASHANTH" name="SeleniumRevised.Calenders" tests="1" failures="0" timestamp="2020-07-06T09:45:10 IST" time="20.063" errors="0">
  <testcase name="calender" time="20.063" classname="SeleniumRevised.Calenders"/>
  <system-out/>
</testsuite> <!-- SeleniumRevised.Calenders -->
