<?xml version="1.0" encoding="UTF-8"?>
<!-- Generated by org.testng.reporters.JUnitReportReporter -->
<testsuite skipped="0" hostname="JAIPRASHANTH" name="SeleniumRevised.Sorted_or_not" tests="1" failures="0" timestamp="2020-07-06T09:57:40 IST" time="10.635" errors="0">
  <testcase name="sorted" time="10.635" classname="SeleniumRevised.Sorted_or_not"/>
  <system-out/>
</testsuite> <!-- SeleniumRevised.Sorted_or_not -->
