<?xml version="1.0" encoding="UTF-8"?>
<!-- Generated by org.testng.reporters.JUnitReportReporter -->
<testsuite skipped="0" hostname="JAIPRASHANTH" name="SeleniumRevised.javascriptmethods" tests="1" failures="0" timestamp="2020-07-07T10:17:53 IST" time="19.100" errors="0">
  <testcase name="flashing" time="19.100" classname="SeleniumRevised.javascriptmethods"/>
  <system-out/>
</testsuite> <!-- SeleniumRevised.javascriptmethods -->
