<?xml version="1.0" encoding="UTF-8"?>
<!-- Generated by org.testng.reporters.JUnitReportReporter -->
<testsuite skipped="0" hostname="JAIPRASHANTH" name="SeleniumRevised.Frames" tests="1" failures="0" timestamp="2020-07-06T10:54:22 IST" time="11.599" errors="0">
  <testcase name="frames" time="11.599" classname="SeleniumRevised.Frames"/>
  <system-out/>
</testsuite> <!-- SeleniumRevised.Frames -->
